<?xml version="1.0" encoding="UTF-8"?>
<testng-results ignored="0" total="1" passed="1" failed="0" skipped="0">
  <reporter-output>
  </reporter-output>
  <suite started-at="2021-04-29T09:14:51Z" name="Suite" finished-at="2021-04-29T09:15:09Z" duration-ms="18126">
    <groups>
    </groups>
    <test started-at="2021-04-29T09:14:51Z" name="Test" finished-at="2021-04-29T09:15:09Z" duration-ms="18126">
      <class name="testpack.chrome">
        <test-method signature="browse()[pri:0, instance:testpack.chrome@5e17553a]" started-at="2021-04-29T09:14:51Z" name="browse" finished-at="2021-04-29T09:15:07Z" duration-ms="16035" status="PASS">
          <reporter-output>
          </reporter-output>
        </test-method> <!-- browse -->
        <test-method is-config="true" signature="teardown()[pri:0, instance:testpack.chrome@5e17553a]" started-at="2021-04-29T09:15:07Z" name="teardown" finished-at="2021-04-29T09:15:09Z" duration-ms="2054" status="PASS">
          <reporter-output>
          </reporter-output>
        </test-method> <!-- teardown -->
      </class> <!-- testpack.chrome -->
    </test> <!-- Test -->
  </suite> <!-- Suite -->
</testng-results>
