<?xml version="1.0" encoding="UTF-8"?>
<testng-results ignored="0" total="1" passed="1" failed="0" skipped="0">
  <reporter-output>
  </reporter-output>
  <suite started-at="2021-04-28T12:39:56 IST" name="Suite" finished-at="2021-04-28T12:40:12 IST" duration-ms="15678">
    <groups>
    </groups>
    <test started-at="2021-04-28T12:39:56 IST" name="Test" finished-at="2021-04-28T12:40:12 IST" duration-ms="15678">
      <class name="testpack.chrome">
        <test-method signature="browse()[pri:0, instance:testpack.chrome@41e1e210]" started-at="2021-04-28T12:39:56 IST" name="browse" finished-at="2021-04-28T12:40:10 IST" duration-ms="14299" status="PASS">
          <reporter-output>
          </reporter-output>
        </test-method> <!-- browse -->
        <test-method is-config="true" signature="teardown()[pri:0, instance:testpack.chrome@41e1e210]" started-at="2021-04-28T12:40:10 IST" name="teardown" finished-at="2021-04-28T12:40:12 IST" duration-ms="1317" status="PASS">
          <reporter-output>
          </reporter-output>
        </test-method> <!-- teardown -->
      </class> <!-- testpack.chrome -->
    </test> <!-- Test -->
  </suite> <!-- Suite -->
</testng-results>
